<?xml version="1.0" encoding="UTF-8"?>
<testsuite xmlns:xsi="http://www.w3.org/2001/XMLSchema-instance" xsi:noNamespaceSchemaLocation="https://maven.apache.org/surefire/maven-surefire-plugin/xsd/surefire-test-report-3.0.xsd" version="3.0" name="com.appfellas.flightApi.FlightApiApplicationTests" time="3.19" tests="1" errors="0" skipped="0" failures="0">
  <properties>
[...]
</properties>
  <testcase name="contextLoads" classname="com.appfellas.flightApi.FlightApiApplicationTests" time="0.489">
    <system-out><![CDATA[14:45:33.968 [main] INFO org.springframework.test.context.support.AnnotationConfigContextLoaderUtils -- Could not detect default configuration classes for test class [com.appfellas.flightApi.FlightApiApplicationTests]: FlightApiApplicationTests does not declare any static, non-private, non-final, nested classes annotated with @Configuration.
14:45:34.027 [main] INFO org.springframework.boot.test.context.SpringBootTestContextBootstrapper -- Found @SpringBootConfiguration com.appfellas.flightApi.FlightApiApplication for test class com.appfellas.flightApi.FlightApiApplicationTests

  .   ____          _            __ _ _
 /\\ / ___'_ __ _ _(_)_ __  __ _ \ \ \ \
( ( )\___ | '_ | '_| | '_ \/ _` | \ \ \ \
 \\/  ___)| |_)| | | | | || (_| |  ) ) ) )
  '  |____| .__|_| |_|_| |_\__, | / / / /
 =========|_|==============|___/=/_/_/_/

 :: Spring Boot ::                (v3.3.3)

2024-09-22T14:45:34.239+03:00  INFO 17777 --- [AppFellas Flight API] [           main] c.a.flightApi.FlightApiApplicationTests  : Starting FlightApiApplicationTests using Java 17.0.12 with PID 17777 (started by ahmetyalcinkaya in /home/ahmetyalcinkaya/projects/JavaProjects/AppFellasFlightApi)
2024-09-22T14:45:34.240+03:00  INFO 17777 --- [AppFellas Flight API] [           main] c.a.flightApi.FlightApiApplicationTests  : No active profile set, falling back to 1 default profile: "default"
2024-09-22T14:45:34.684+03:00  INFO 17777 --- [AppFellas Flight API] [           main] .s.d.r.c.RepositoryConfigurationDelegate : Bootstrapping Spring Data MongoDB repositories in DEFAULT mode.
2024-09-22T14:45:34.718+03:00  INFO 17777 --- [AppFellas Flight API] [           main] .s.d.r.c.RepositoryConfigurationDelegate : Finished Spring Data repository scanning in 31 ms. Found 4 MongoDB repository interfaces.
2024-09-22T14:45:35.004+03:00  INFO 17777 --- [AppFellas Flight API] [           main] org.mongodb.driver.client                : MongoClient with metadata {"driver": {"name": "mongo-java-driver|sync|spring-boot", "version": "5.0.1"}, "os": {"type": "Linux", "name": "Linux", "architecture": "amd64", "version": "6.8.0-45-generic"}, "platform": "Java/Ubuntu/17.0.12+7-Ubuntu-1ubuntu224.04"} created with settings MongoClientSettings{readPreference=primary, writeConcern=WriteConcern{w=null, wTimeout=null ms, journal=null}, retryWrites=true, retryReads=true, readConcern=ReadConcern{level=null}, credential=null, transportSettings=null, commandListeners=[], codecRegistry=ProvidersCodecRegistry{codecProviders=[ValueCodecProvider{}, BsonValueCodecProvider{}, DBRefCodecProvider{}, DBObjectCodecProvider{}, DocumentCodecProvider{}, CollectionCodecProvider{}, IterableCodecProvider{}, MapCodecProvider{}, GeoJsonCodecProvider{}, GridFSFileCodecProvider{}, Jsr310CodecProvider{}, JsonObjectCodecProvider{}, BsonCodecProvider{}, EnumCodecProvider{}, com.mongodb.client.model.mql.ExpressionCodecProvider@3b0c3951, com.mongodb.Jep395RecordCodecProvider@60f77af, com.mongodb.KotlinCodecProvider@2574a9e3]}, loggerSettings=LoggerSettings{maxDocumentLength=1000}, clusterSettings={hosts=[localhost:27017], srvServiceName=mongodb, mode=SINGLE, requiredClusterType=UNKNOWN, requiredReplicaSetName='null', serverSelector='null', clusterListeners='[]', serverSelectionTimeout='30000 ms', localThreshold='15 ms'}, socketSettings=SocketSettings{connectTimeoutMS=10000, readTimeoutMS=0, receiveBufferSize=0, proxySettings=ProxySettings{host=null, port=null, username=null, password=null}}, heartbeatSocketSettings=SocketSettings{connectTimeoutMS=10000, readTimeoutMS=10000, receiveBufferSize=0, proxySettings=ProxySettings{host=null, port=null, username=null, password=null}}, connectionPoolSettings=ConnectionPoolSettings{maxSize=100, minSize=0, maxWaitTimeMS=120000, maxConnectionLifeTimeMS=0, maxConnectionIdleTimeMS=0, maintenanceInitialDelayMS=0, maintenanceFrequencyMS=60000, connectionPoolListeners=[], maxConnecting=2}, serverSettings=ServerSettings{heartbeatFrequencyMS=10000, minHeartbeatFrequencyMS=500, serverListeners='[]', serverMonitorListeners='[]'}, sslSettings=SslSettings{enabled=false, invalidHostNameAllowed=false, context=null}, applicationName='null', compressorList=[], uuidRepresentation=JAVA_LEGACY, serverApi=null, autoEncryptionSettings=null, dnsClient=null, inetAddressResolver=null, contextProvider=null}
2024-09-22T14:45:35.030+03:00  INFO 17777 --- [AppFellas Flight API] [localhost:27017] org.mongodb.driver.cluster               : Monitor thread successfully connected to server with description ServerDescription{address=localhost:27017, type=STANDALONE, state=CONNECTED, ok=true, minWireVersion=0, maxWireVersion=21, maxDocumentSize=16777216, logicalSessionTimeoutMinutes=30, roundTripTimeNanos=15923719}
2024-09-22T14:45:35.721+03:00  INFO 17777 --- [AppFellas Flight API] [           main] c.a.flightApi.FlightApiApplicationTests  : Started FlightApiApplicationTests in 1.629 seconds (process running for 2.111)
2024-09-22T14:45:35.855+03:00  INFO 17777 --- [AppFellas Flight API] [           main] c.appfellas.flightApi.config.AppConfig   : App Fellas admin account created -> Email: admin@appfellas.com / Password: APPFELLAS
2024-09-22T14:45:35.859+03:00  INFO 17777 --- [AppFellas Flight API] [           main] c.appfellas.flightApi.config.AppConfig   : Admin account created -> Email: ahmetcan.yalcinkaya55@gmail.com / Password: Ahmet123.
2024-09-22T14:45:35.867+03:00  INFO 17777 --- [AppFellas Flight API] [           main] c.appfellas.flightApi.config.AppConfig   : TK -> Airline has been added!
2024-09-22T14:45:35.870+03:00  INFO 17777 --- [AppFellas Flight API] [           main] c.appfellas.flightApi.config.AppConfig   : LH -> Airline has been added!
2024-09-22T14:45:35.873+03:00  INFO 17777 --- [AppFellas Flight API] [           main] c.appfellas.flightApi.config.AppConfig   : EK -> Airline has been added!
2024-09-22T14:45:35.875+03:00  INFO 17777 --- [AppFellas Flight API] [           main] c.appfellas.flightApi.config.AppConfig   : QR -> Airline has been added!
2024-09-22T14:45:35.877+03:00  INFO 17777 --- [AppFellas Flight API] [           main] c.appfellas.flightApi.config.AppConfig   : AA -> Airline has been added!
2024-09-22T14:45:35.879+03:00  INFO 17777 --- [AppFellas Flight API] [           main] c.appfellas.flightApi.config.AppConfig   : BA -> Airline has been added!
2024-09-22T14:45:35.881+03:00  INFO 17777 --- [AppFellas Flight API] [           main] c.appfellas.flightApi.config.AppConfig   : AF -> Airline has been added!
2024-09-22T14:45:35.884+03:00  INFO 17777 --- [AppFellas Flight API] [           main] c.appfellas.flightApi.config.AppConfig   : KL -> Airline has been added!
2024-09-22T14:45:35.886+03:00  INFO 17777 --- [AppFellas Flight API] [           main] c.appfellas.flightApi.config.AppConfig   : SQ -> Airline has been added!
2024-09-22T14:45:35.888+03:00  INFO 17777 --- [AppFellas Flight API] [           main] c.appfellas.flightApi.config.AppConfig   : LX -> Airline has been added!
2024-09-22T14:45:35.890+03:00  INFO 17777 --- [AppFellas Flight API] [           main] c.appfellas.flightApi.config.AppConfig   : JL -> Airline has been added!
2024-09-22T14:45:35.892+03:00  INFO 17777 --- [AppFellas Flight API] [           main] c.appfellas.flightApi.config.AppConfig   : DL -> Airline has been added!
2024-09-22T14:45:35.894+03:00  INFO 17777 --- [AppFellas Flight API] [           main] c.appfellas.flightApi.config.AppConfig   : SU -> Airline has been added!
2024-09-22T14:45:35.895+03:00  INFO 17777 --- [AppFellas Flight API] [           main] c.appfellas.flightApi.config.AppConfig   : EY -> Airline has been added!
2024-09-22T14:45:35.898+03:00  INFO 17777 --- [AppFellas Flight API] [           main] c.appfellas.flightApi.config.AppConfig   : CX -> Airline has been added!
2024-09-22T14:45:35.904+03:00  INFO 17777 --- [AppFellas Flight API] [           main] c.appfellas.flightApi.config.AppConfig   : App Fellas user account created -> Email: user@appfellas.com / Password: APPFELLASUSER
2024-09-22T14:45:35.907+03:00  INFO 17777 --- [AppFellas Flight API] [           main] c.appfellas.flightApi.config.AppConfig   : Flight with the flightName => TK4014 has been created.
2024-09-22T14:45:35.909+03:00  INFO 17777 --- [AppFellas Flight API] [           main] c.appfellas.flightApi.config.AppConfig   : Flight with the flightName => AA1578 has been created.
2024-09-22T14:45:35.912+03:00  INFO 17777 --- [AppFellas Flight API] [           main] c.appfellas.flightApi.config.AppConfig   : Flight with the flightName => LH542 has been created.
2024-09-22T14:45:35.916+03:00  INFO 17777 --- [AppFellas Flight API] [           main] c.appfellas.flightApi.config.AppConfig   : Flight with the flightName => BA985 has been created.
2024-09-22T14:45:35.919+03:00  INFO 17777 --- [AppFellas Flight API] [           main] c.appfellas.flightApi.config.AppConfig   : Flight with the flightName => DL4532 has been created.
2024-09-22T14:45:35.921+03:00  INFO 17777 --- [AppFellas Flight API] [           main] c.appfellas.flightApi.config.AppConfig   : Flight with the flightName => TK863 has been created.
2024-09-22T14:45:35.924+03:00  INFO 17777 --- [AppFellas Flight API] [           main] c.appfellas.flightApi.config.AppConfig   : Flight with the flightName => TK967 has been created.
2024-09-22T14:45:35.928+03:00  INFO 17777 --- [AppFellas Flight API] [           main] c.appfellas.flightApi.config.AppConfig   : Flight with the flightName => KL1923 has been created.
2024-09-22T14:45:35.930+03:00  INFO 17777 --- [AppFellas Flight API] [           main] c.appfellas.flightApi.config.AppConfig   : Flight with the flightName => AA678 has been created.
2024-09-22T14:45:35.932+03:00  INFO 17777 --- [AppFellas Flight API] [           main] c.appfellas.flightApi.config.AppConfig   : Flight with the flightName => TK9310 has been created.
{flights=[{lastUpdatedAt=2024-09-22T02:20:12.174+02:00, actualLandingTime=2024-09-22T00:27:41.000+02:00, aircraftType={iataMain=737, iataSub=73H}, baggageClaim={belts=[2]}, codeshares={codeshares=[KL2533]}, estimatedLandingTime=2024-09-22T00:27:41.000+02:00, expectedTimeOnBelt=2024-09-22T00:52:15.000+02:00, flightDirection=A, flightName=HV6920, flightNumber=6920, id=140702903160577680, isOperationalFlight=true, mainFlight=HV6920, prefixIATA=HV, prefixICAO=TRA, airlineCode=164, publicFlightState={flightStates=[ARR, EXP]}, route={destinations=[HER], eu=S, visa=false}, scheduleDateTime=2024-09-22T00:05:00.000+02:00, scheduleDate=2024-09-22, scheduleTime=00:05:00, serviceType=J, terminal=1, schemaVersion=4}, {lastUpdatedAt=2024-09-22T02:20:12.174+02:00, actualLandingTime=2024-09-22T00:27:41.000+02:00, aircraftType={iataMain=737, iataSub=73H}, baggageClaim={belts=[2]}, codeshares={codeshares=[KL2533]}, estimatedLandingTime=2024-09-22T00:27:41.000+02:00, expectedTimeOnBelt=2024-09-22T00:52:15.000+02:00, flightDirection=A, flightName=KL2533, flightNumber=2533, id=140702903538742106, isOperationalFlight=true, mainFlight=HV6920, prefixIATA=KL, prefixICAO=KLM, airlineCode=100, publicFlightState={flightStates=[ARR, EXP]}, route={destinations=[HER], eu=S, visa=false}, scheduleDateTime=2024-09-22T00:05:00.000+02:00, scheduleDate=2024-09-22, scheduleTime=00:05:00, serviceType=J, terminal=1, schemaVersion=4}, {lastUpdatedAt=2024-09-22T02:46:39.093+02:00, actualLandingTime=2024-09-22T00:41:30.000+02:00, aircraftType={iataMain=737, iataSub=7M8}, baggageClaim={belts=[17]}, estimatedLandingTime=2024-09-22T00:41:30.000+02:00, expectedTimeOnBelt=2024-09-22T01:19:09.187+02:00, flightDirection=A, flightName=OR1668, flightNumber=1668, id=140702904115885358, isOperationalFlight=true, mainFlight=OR1668, prefixIATA=OR, prefixICAO=TFL, airlineCode=231, publicFlightState={flightStates=[ARR, EXP]}, route={destinations=[TFS], eu=S, visa=false}, scheduleDateTime=2024-09-22T00:05:00.000+02:00, scheduleDate=2024-09-22, scheduleTime=00:05:00, serviceType=J, terminal=3, schemaVersion=4}, {lastUpdatedAt=2024-09-22T02:10:49.184+02:00, actualLandingTime=2024-09-22T00:20:43.000+02:00, aircraftType={iataMain=32S, iataSub=32Q}, baggageClaim={belts=[4]}, estimatedLandingTime=2024-09-22T00:20:43.000+02:00, expectedTimeOnBelt=2024-09-22T00:56:27.000+02:00, flightDirection=A, flightName=HV5518, flightNumber=5518, id=140702903160465364, isOperationalFlight=true, mainFlight=HV5518, prefixIATA=HV, prefixICAO=TRA, airlineCode=164, publicFlightState={flightStates=[ARR]}, route={destinations=[PFO], eu=E, visa=false}, scheduleDateTime=2024-09-22T00:20:00.000+02:00, scheduleDate=2024-09-22, scheduleTime=00:20:00, serviceType=J, terminal=1, schemaVersion=4}, {lastUpdatedAt=2024-09-22T02:34:11.230+02:00, actualLandingTime=2024-09-22T00:23:38.000+02:00, aircraftType={iataMain=737, iataSub=73H}, baggageClaim={belts=[4]}, codeshares={codeshares=[DL7501, KL2591]}, estimatedLandingTime=2024-09-22T00:23:38.000+02:00, expectedTimeOnBelt=2024-09-22T00:56:26.000+02:00, flightDirection=A, flightName=HV6672, flightNumber=6672, id=140702903160569840, isOperationalFlight=true, mainFlight=HV6672, prefixIATA=HV, prefixICAO=TRA, airlineCode=164, publicFlightState={flightStates=[ARR]}, route={destinations=[TFS], eu=S, visa=false}, scheduleDateTime=2024-09-22T00:25:00.000+02:00, scheduleDate=2024-09-22, scheduleTime=00:25:00, serviceType=J, terminal=1, schemaVersion=4}, {lastUpdatedAt=2024-09-22T02:34:11.230+02:00, actualLandingTime=2024-09-22T00:23:38.000+02:00, aircraftType={iataMain=737, iataSub=73H}, baggageClaim={belts=[4]}, codeshares={codeshares=[DL7501, KL2591]}, estimatedLandingTime=2024-09-22T00:23:38.000+02:00, expectedTimeOnBelt=2024-09-22T00:56:26.000+02:00, flightDirection=A, flightName=DL7501, flightNumber=7501, id=140702902568433012, isOperationalFlight=true, mainFlight=HV6672, prefixIATA=DL, prefixICAO=DAL, airlineCode=58, publicFlightState={flightStates=[ARR]}, route={destinations=[TFS], eu=S, visa=false}, scheduleDateTime=2024-09-22T00:25:00.000+02:00, scheduleDate=2024-09-22, scheduleTime=00:25:00, serviceType=J, terminal=1, schemaVersion=4}, {lastUpdatedAt=2024-09-22T02:34:11.230+02:00, actualLandingTime=2024-09-22T00:23:38.000+02:00, aircraftType={iataMain=737, iataSub=73H}, baggageClaim={belts=[4]}, codeshares={codeshares=[DL7501, KL2591]}, estimatedLandingTime=2024-09-22T00:23:38.000+02:00, expectedTimeOnBelt=2024-09-22T00:56:26.000+02:00, flightDirection=A, flightName=KL2591, flightNumber=2591, id=140702903538742546, isOperationalFlight=true, mainFlight=HV6672, prefixIATA=KL, prefixICAO=KLM, airlineCode=100, publicFlightState={flightStates=[ARR]}, route={destinations=[TFS], eu=S, visa=false}, scheduleDateTime=2024-09-22T00:25:00.000+02:00, scheduleDate=2024-09-22, scheduleTime=00:25:00, serviceType=J, terminal=1, schemaVersion=4}, {lastUpdatedAt=2024-09-22T03:03:22.158+02:00, actualLandingTime=2024-09-22T01:03:16.000+02:00, aircraftType={iataMain=32S, iataSub=32Q}, baggageClaim={belts=[2]}, estimatedLandingTime=2024-09-22T01:03:16.000+02:00, expectedTimeOnBelt=2024-09-22T01:59:13.000+02:00, flightDirection=A, flightName=HV6862, flightNumber=6862, id=140702903160575242, isOperationalFlight=true, mainFlight=HV6862, prefixIATA=HV, prefixICAO=TRA, airlineCode=164, publicFlightState={flightStates=[ARR, EXP]}, route={destinations=[ATH], eu=S, visa=false}, scheduleDateTime=2024-09-22T00:25:00.000+02:00, scheduleDate=2024-09-22, scheduleTime=00:25:00, serviceType=J, terminal=1, schemaVersion=4}, {lastUpdatedAt=2024-09-22T12:18:51.757+02:00, aircraftType={iataMain=74F, iataSub=74Y}, estimatedLandingTime=2024-09-23T20:05:00.000+02:00, flightDirection=A, flightName=SQ7393, flightNumber=7393, id=140702904667488526, isOperationalFlight=true, mainFlight=SQ7393, prefixIATA=SQ, prefixICAO=SIA, airlineCode=152, publicFlightState={flightStates=[SCH, TOM]}, route={destinations=[LHR], eu=N, visa=false}, scheduleDateTime=2024-09-22T00:25:00.000+02:00, scheduleDate=2024-09-22, scheduleTime=00:25:00, serviceType=F, schemaVersion=4}, {lastUpdatedAt=2024-09-22T01:07:12.081+02:00, actualOffBlockTime=2024-09-22T00:44:27.000+02:00, aircraftRegistration=PHMPS, aircraftType={iataMain=74F, iataSub=74Y}, flightDirection=D, flightName=MP6161, flightNumber=6161, id=140702903831505713, isOperationalFlight=true, mainFlight=MP6161, prefixIATA=MP, prefixICAO=MPH, airlineCode=122, publicEstimatedOffBlockTime=2024-09-22T00:40:00.000+02:00, publicFlightState={flightStates=[DEP, DEL]}, route={destinations=[MIA, BOG], eu=N, visa=false}, scheduleDateTime=2024-09-22T00:30:00.000+02:00, scheduleDate=2024-09-22, scheduleTime=00:30:00, serviceType=F, schemaVersion=4}, {lastUpdatedAt=2024-09-22T01:58:40.168+02:00, actualLandingTime=2024-09-22T00:18:51.000+02:00, aircraftType={iataMain=737, iataSub=73H}, baggageClaim={belts=[6]}, codeshares={codeshares=[KL2588]}, estimatedLandingTime=2024-09-22T00:18:51.000+02:00, expectedTimeOnBelt=2024-09-22T00:55:49.000+02:00, flightDirection=A, flightName=HV6004, flightNumber=6004, id=140702903160552898, isOperationalFlight=true, mainFlight=HV6004, prefixIATA=HV, prefixICAO=TRA, airlineCode=164, publicFlightState={flightStates=[ARR, EXP]}, route={destinations=[OPO], eu=S, visa=false}, scheduleDateTime=2024-09-22T00:30:00.000+02:00, scheduleDate=2024-09-22, scheduleTime=00:30:00, serviceType=J, terminal=1, schemaVersion=4}, {lastUpdatedAt=2024-09-22T01:58:40.168+02:00, actualLandingTime=2024-09-22T00:18:51.000+02:00, aircraftType={iataMain=737, iataSub=73H}, baggageClaim={belts=[6]}, codeshares={codeshares=[KL2588]}, estimatedLandingTime=2024-09-22T00:18:51.000+02:00, expectedTimeOnBelt=2024-09-22T00:55:49.000+02:00, flightDirection=A, flightName=KL2588, flightNumber=2588, id=140702903538742486, isOperationalFlight=true, mainFlight=HV6004, prefixIATA=KL, prefixICAO=KLM, airlineCode=100, publicFlightState={flightStates=[ARR, EXP]}, route={destinations=[OPO], eu=S, visa=false}, scheduleDateTime=2024-09-22T00:30:00.000+02:00, scheduleDate=2024-09-22, scheduleTime=00:30:00, serviceType=J, terminal=1, schemaVersion=4}, {lastUpdatedAt=2024-09-22T02:30:42.276+02:00, actualLandingTime=2024-09-22T00:38:29.000+02:00, aircraftType={iataMain=737, iataSub=73H}, baggageClaim={belts=[6]}, codeshares={codeshares=[DL7509, KL2573]}, estimatedLandingTime=2024-09-22T00:38:29.000+02:00, expectedTimeOnBelt=2024-09-22T01:19:31.000+02:00, flightDirection=A, flightName=HV5666, flightNumber=5666, id=140702903160468468, isOperationalFlight=true, mainFlight=HV5666, prefixIATA=HV, prefixICAO=TRA, airlineCode=164, publicFlightState={flightStates=[ARR]}, route={destinations=[LPA], eu=S, visa=false}, scheduleDateTime=2024-09-22T00:30:00.000+02:00, scheduleDate=2024-09-22, scheduleTime=00:30:00, serviceType=J, terminal=1, schemaVersion=4}, {lastUpdatedAt=2024-09-22T02:30:42.276+02:00, actualLandingTime=2024-09-22T00:38:29.000+02:00, aircraftType={iataMain=737, iataSub=73H}, baggageClaim={belts=[6]}, codeshares={codeshares=[DL7509, KL2573]}, estimatedLandingTime=2024-09-22T00:38:29.000+02:00, expectedTimeOnBelt=2024-09-22T01:19:31.000+02:00, flightDirection=A, flightName=DL7509, flightNumber=7509, id=140702902568433028, isOperationalFlight=true, mainFlight=HV5666, prefixIATA=DL, prefixICAO=DAL, airlineCode=58, publicFlightState={flightStates=[ARR]}, route={destinations=[LPA], eu=S, visa=false}, scheduleDateTime=2024-09-22T00:30:00.000+02:00, scheduleDate=2024-09-22, scheduleTime=00:30:00, serviceType=J, terminal=1, schemaVersion=4}, {lastUpdatedAt=2024-09-22T02:30:42.276+02:00, actualLandingTime=2024-09-22T00:38:29.000+02:00, aircraftType={iataMain=737, iataSub=73H}, baggageClaim={belts=[6]}, codeshares={codeshares=[DL7509, KL2573]}, estimatedLandingTime=2024-09-22T00:38:29.000+02:00, expectedTimeOnBelt=2024-09-22T01:19:31.000+02:00, flightDirection=A, flightName=KL2573, flightNumber=2573, id=140702903538742402, isOperationalFlight=true, mainFlight=HV5666, prefixIATA=KL, prefixICAO=KLM, airlineCode=100, publicFlightState={flightStates=[ARR]}, route={destinations=[LPA], eu=S, visa=false}, scheduleDateTime=2024-09-22T00:30:00.000+02:00, scheduleDate=2024-09-22, scheduleTime=00:30:00, serviceType=J, terminal=1, schemaVersion=4}, {lastUpdatedAt=2024-09-22T02:23:09.197+02:00, actualLandingTime=2024-09-22T00:25:56.000+02:00, aircraftType={iataMain=737, iataSub=73H}, baggageClaim={belts=[19]}, estimatedLandingTime=2024-09-22T00:25:56.000+02:00, expectedTimeOnBelt=2024-09-22T01:29:46.804+02:00, flightDirection=A, flightName=OR3124, flightNumber=3124, id=140702904116073976, isOperationalFlight=true, mainFlight=OR3124, prefixIATA=OR, prefixICAO=TFL, airlineCode=231, publicFlightState={flightStates=[ARR, EXP]}, route={destinations=[ADB], eu=N, visa=false}, scheduleDateTime=2024-09-22T00:40:00.000+02:00, scheduleDate=2024-09-22, scheduleTime=00:40:00, serviceType=J, terminal=4, schemaVersion=4}, {lastUpdatedAt=2024-09-22T03:13:03.170+02:00, actualLandingTime=2024-09-22T01:06:59.000+02:00, aircraftType={iataMain=32S, iataSub=32Q}, baggageClaim={belts=[4]}, estimatedLandingTime=2024-09-22T01:06:59.000+02:00, expectedTimeOnBelt=2024-09-22T01:40:12.187+02:00, flightDirection=A, flightName=HV5764, flightNumber=5764, id=140702903160471202, isOperationalFlight=true, mainFlight=HV5764, prefixIATA=HV, prefixICAO=TRA, airlineCode=164, publicFlightState={flightStates=[ARR, EXP]}, route={destinations=[GRO], eu=S, visa=false}, scheduleDateTime=2024-09-22T00:40:00.000+02:00, scheduleDate=2024-09-22, scheduleTime=00:40:00, serviceType=J, terminal=1, schemaVersion=4}, {lastUpdatedAt=2024-09-22T02:58:10.600+02:00, actualLandingTime=2024-09-22T00:47:44.000+02:00, aircraftType={iataMain=737, iataSub=73H}, baggageClaim={belts=[4]}, codeshares={codeshares=[KL2526]}, estimatedLandingTime=2024-09-22T00:47:44.000+02:00, expectedTimeOnBelt=2024-09-22T01:18:36.197+02:00, flightDirection=A, flightName=HV5680, flightNumber=5680, id=140702903160468604, isOperationalFlight=true, mainFlight=HV5680, prefixIATA=HV, prefixICAO=TRA, airlineCode=164, publicFlightState={flightStates=[ARR]}, route={destinations=[IBZ], eu=S, visa=false}, scheduleDateTime=2024-09-22T00:55:00.000+02:00, scheduleDate=2024-09-22, scheduleTime=00:55:00, serviceType=J, terminal=1, schemaVersion=4}, {lastUpdatedAt=2024-09-22T02:58:10.600+02:00, actualLandingTime=2024-09-22T00:47:44.000+02:00, aircraftType={iataMain=737, iataSub=73H}, baggageClaim={belts=[4]}, codeshares={codeshares=[KL2526]}, estimatedLandingTime=2024-09-22T00:47:44.000+02:00, expectedTimeOnBelt=2024-09-22T01:18:36.197+02:00, flightDirection=A, flightName=KL2526, flightNumber=2526, id=140702903538742038, isOperationalFlight=true, mainFlight=HV5680, prefixIATA=KL, prefixICAO=KLM, airlineCode=100, publicFlightState={flightStates=[ARR]}, route={destinations=[IBZ], eu=S, visa=false}, scheduleDateTime=2024-09-22T00:55:00.000+02:00, scheduleDate=2024-09-22, scheduleTime=00:55:00, serviceType=J, terminal=1, schemaVersion=4}, {lastUpdatedAt=2024-09-22T02:44:43.141+02:00, actualLandingTime=2024-09-22T01:09:29.000+02:00, aircraftType={iataMain=737, iataSub=73H}, baggageClaim={belts=[18]}, estimatedLandingTime=2024-09-22T01:09:29.000+02:00, expectedTimeOnBelt=2024-09-22T02:08:38.281+02:00, flightDirection=A, flightName=HV6642, flightNumber=6642, id=140702903160569618, isOperationalFlight=true, mainFlight=HV6642, prefixIATA=HV, prefixICAO=TRA, airlineCode=164, publicFlightState={flightStates=[ARR]}, route={destinations=[TBS], eu=N, visa=false}, scheduleDateTime=2024-09-22T01:00:00.000+02:00, scheduleDate=2024-09-22, scheduleTime=01:00:00, serviceType=J, terminal=3, schemaVersion=4}]}
Key: lastUpdatedAtValue: 2024-09-22T02:20:12.174+02:00
Key: actualLandingTimeValue: 2024-09-22T00:27:41.000+02:00
Key: aircraftTypeValue: {iataMain=737, iataSub=73H}
Key: baggageClaimValue: {belts=[2]}
Key: codesharesValue: {codeshares=[KL2533]}
Key: estimatedLandingTimeValue: 2024-09-22T00:27:41.000+02:00
Key: expectedTimeOnBeltValue: 2024-09-22T00:52:15.000+02:00
Key: flightDirectionValue: A
Key: flightNameValue: HV6920
Key: flightNumberValue: 6920
Key: idValue: 140702903160577680
Key: isOperationalFlightValue: true
Key: mainFlightValue: HV6920
Key: prefixIATAValue: HV
Key: prefixICAOValue: TRA
Key: airlineCodeValue: 164
Key: publicFlightStateValue: {flightStates=[ARR, EXP]}
Key: routeValue: {destinations=[HER], eu=S, visa=false}
Key: scheduleDateTimeValue: 2024-09-22T00:05:00.000+02:00
Key: scheduleDateValue: 2024-09-22
Key: scheduleTimeValue: 00:05:00
Key: serviceTypeValue: J
Key: terminalValue: 1
Key: schemaVersionValue: 4
Key: lastUpdatedAtValue: 2024-09-22T02:20:12.174+02:00
Key: actualLandingTimeValue: 2024-09-22T00:27:41.000+02:00
Key: aircraftTypeValue: {iataMain=737, iataSub=73H}
Key: baggageClaimValue: {belts=[2]}
Key: codesharesValue: {codeshares=[KL2533]}
Key: estimatedLandingTimeValue: 2024-09-22T00:27:41.000+02:00
Key: expectedTimeOnBeltValue: 2024-09-22T00:52:15.000+02:00
Key: flightDirectionValue: A
Key: flightNameValue: KL2533
Key: flightNumberValue: 2533
Key: idValue: 140702903538742106
Key: isOperationalFlightValue: true
Key: mainFlightValue: HV6920
Key: prefixIATAValue: KL
Key: prefixICAOValue: KLM
Key: airlineCodeValue: 100
Key: publicFlightStateValue: {flightStates=[ARR, EXP]}
Key: routeValue: {destinations=[HER], eu=S, visa=false}
Key: scheduleDateTimeValue: 2024-09-22T00:05:00.000+02:00
Key: scheduleDateValue: 2024-09-22
Key: scheduleTimeValue: 00:05:00
Key: serviceTypeValue: J
Key: terminalValue: 1
Key: schemaVersionValue: 4
Key: lastUpdatedAtValue: 2024-09-22T02:46:39.093+02:00
Key: actualLandingTimeValue: 2024-09-22T00:41:30.000+02:00
Key: aircraftTypeValue: {iataMain=737, iataSub=7M8}
Key: baggageClaimValue: {belts=[17]}
Key: estimatedLandingTimeValue: 2024-09-22T00:41:30.000+02:00
Key: expectedTimeOnBeltValue: 2024-09-22T01:19:09.187+02:00
Key: flightDirectionValue: A
Key: flightNameValue: OR1668
Key: flightNumberValue: 1668
Key: idValue: 140702904115885358
Key: isOperationalFlightValue: true
Key: mainFlightValue: OR1668
Key: prefixIATAValue: OR
Key: prefixICAOValue: TFL
Key: airlineCodeValue: 231
Key: publicFlightStateValue: {flightStates=[ARR, EXP]}
Key: routeValue: {destinations=[TFS], eu=S, visa=false}
Key: scheduleDateTimeValue: 2024-09-22T00:05:00.000+02:00
Key: scheduleDateValue: 2024-09-22
Key: scheduleTimeValue: 00:05:00
Key: serviceTypeValue: J
Key: terminalValue: 3
Key: schemaVersionValue: 4
Key: lastUpdatedAtValue: 2024-09-22T02:10:49.184+02:00
Key: actualLandingTimeValue: 2024-09-22T00:20:43.000+02:00
Key: aircraftTypeValue: {iataMain=32S, iataSub=32Q}
Key: baggageClaimValue: {belts=[4]}
Key: estimatedLandingTimeValue: 2024-09-22T00:20:43.000+02:00
Key: expectedTimeOnBeltValue: 2024-09-22T00:56:27.000+02:00
Key: flightDirectionValue: A
Key: flightNameValue: HV5518
Key: flightNumberValue: 5518
Key: idValue: 140702903160465364
Key: isOperationalFlightValue: true
Key: mainFlightValue: HV5518
Key: prefixIATAValue: HV
Key: prefixICAOValue: TRA
Key: airlineCodeValue: 164
Key: publicFlightStateValue: {flightStates=[ARR]}
Key: routeValue: {destinations=[PFO], eu=E, visa=false}
Key: scheduleDateTimeValue: 2024-09-22T00:20:00.000+02:00
Key: scheduleDateValue: 2024-09-22
Key: scheduleTimeValue: 00:20:00
Key: serviceTypeValue: J
Key: terminalValue: 1
Key: schemaVersionValue: 4
Key: lastUpdatedAtValue: 2024-09-22T02:34:11.230+02:00
Key: actualLandingTimeValue: 2024-09-22T00:23:38.000+02:00
Key: aircraftTypeValue: {iataMain=737, iataSub=73H}
Key: baggageClaimValue: {belts=[4]}
Key: codesharesValue: {codeshares=[DL7501, KL2591]}
Key: estimatedLandingTimeValue: 2024-09-22T00:23:38.000+02:00
Key: expectedTimeOnBeltValue: 2024-09-22T00:56:26.000+02:00
Key: flightDirectionValue: A
Key: flightNameValue: HV6672
Key: flightNumberValue: 6672
Key: idValue: 140702903160569840
Key: isOperationalFlightValue: true
Key: mainFlightValue: HV6672
Key: prefixIATAValue: HV
Key: prefixICAOValue: TRA
Key: airlineCodeValue: 164
Key: publicFlightStateValue: {flightStates=[ARR]}
Key: routeValue: {destinations=[TFS], eu=S, visa=false}
Key: scheduleDateTimeValue: 2024-09-22T00:25:00.000+02:00
Key: scheduleDateValue: 2024-09-22
Key: scheduleTimeValue: 00:25:00
Key: serviceTypeValue: J
Key: terminalValue: 1
Key: schemaVersionValue: 4
Key: lastUpdatedAtValue: 2024-09-22T02:34:11.230+02:00
Key: actualLandingTimeValue: 2024-09-22T00:23:38.000+02:00
Key: aircraftTypeValue: {iataMain=737, iataSub=73H}
Key: baggageClaimValue: {belts=[4]}
Key: codesharesValue: {codeshares=[DL7501, KL2591]}
Key: estimatedLandingTimeValue: 2024-09-22T00:23:38.000+02:00
Key: expectedTimeOnBeltValue: 2024-09-22T00:56:26.000+02:00
Key: flightDirectionValue: A
Key: flightNameValue: DL7501
Key: flightNumberValue: 7501
Key: idValue: 140702902568433012
Key: isOperationalFlightValue: true
Key: mainFlightValue: HV6672
Key: prefixIATAValue: DL
Key: prefixICAOValue: DAL
Key: airlineCodeValue: 58
Key: publicFlightStateValue: {flightStates=[ARR]}
Key: routeValue: {destinations=[TFS], eu=S, visa=false}
Key: scheduleDateTimeValue: 2024-09-22T00:25:00.000+02:00
Key: scheduleDateValue: 2024-09-22
Key: scheduleTimeValue: 00:25:00
Key: serviceTypeValue: J
Key: terminalValue: 1
Key: schemaVersionValue: 4
Key: lastUpdatedAtValue: 2024-09-22T02:34:11.230+02:00
Key: actualLandingTimeValue: 2024-09-22T00:23:38.000+02:00
Key: aircraftTypeValue: {iataMain=737, iataSub=73H}
Key: baggageClaimValue: {belts=[4]}
Key: codesharesValue: {codeshares=[DL7501, KL2591]}
Key: estimatedLandingTimeValue: 2024-09-22T00:23:38.000+02:00
Key: expectedTimeOnBeltValue: 2024-09-22T00:56:26.000+02:00
Key: flightDirectionValue: A
Key: flightNameValue: KL2591
Key: flightNumberValue: 2591
Key: idValue: 140702903538742546
Key: isOperationalFlightValue: true
Key: mainFlightValue: HV6672
Key: prefixIATAValue: KL
Key: prefixICAOValue: KLM
Key: airlineCodeValue: 100
Key: publicFlightStateValue: {flightStates=[ARR]}
Key: routeValue: {destinations=[TFS], eu=S, visa=false}
Key: scheduleDateTimeValue: 2024-09-22T00:25:00.000+02:00
Key: scheduleDateValue: 2024-09-22
Key: scheduleTimeValue: 00:25:00
Key: serviceTypeValue: J
Key: terminalValue: 1
Key: schemaVersionValue: 4
Key: lastUpdatedAtValue: 2024-09-22T03:03:22.158+02:00
Key: actualLandingTimeValue: 2024-09-22T01:03:16.000+02:00
Key: aircraftTypeValue: {iataMain=32S, iataSub=32Q}
Key: baggageClaimValue: {belts=[2]}
Key: estimatedLandingTimeValue: 2024-09-22T01:03:16.000+02:00
Key: expectedTimeOnBeltValue: 2024-09-22T01:59:13.000+02:00
Key: flightDirectionValue: A
Key: flightNameValue: HV6862
Key: flightNumberValue: 6862
Key: idValue: 140702903160575242
Key: isOperationalFlightValue: true
Key: mainFlightValue: HV6862
Key: prefixIATAValue: HV
Key: prefixICAOValue: TRA
Key: airlineCodeValue: 164
Key: publicFlightStateValue: {flightStates=[ARR, EXP]}
Key: routeValue: {destinations=[ATH], eu=S, visa=false}
Key: scheduleDateTimeValue: 2024-09-22T00:25:00.000+02:00
Key: scheduleDateValue: 2024-09-22
Key: scheduleTimeValue: 00:25:00
Key: serviceTypeValue: J
Key: terminalValue: 1
Key: schemaVersionValue: 4
Key: lastUpdatedAtValue: 2024-09-22T12:18:51.757+02:00
Key: aircraftTypeValue: {iataMain=74F, iataSub=74Y}
Key: estimatedLandingTimeValue: 2024-09-23T20:05:00.000+02:00
Key: flightDirectionValue: A
Key: flightNameValue: SQ7393
Key: flightNumberValue: 7393
Key: idValue: 140702904667488526
Key: isOperationalFlightValue: true
Key: mainFlightValue: SQ7393
Key: prefixIATAValue: SQ
Key: prefixICAOValue: SIA
Key: airlineCodeValue: 152
Key: publicFlightStateValue: {flightStates=[SCH, TOM]}
Key: routeValue: {destinations=[LHR], eu=N, visa=false}
Key: scheduleDateTimeValue: 2024-09-22T00:25:00.000+02:00
Key: scheduleDateValue: 2024-09-22
Key: scheduleTimeValue: 00:25:00
Key: serviceTypeValue: F
Key: schemaVersionValue: 4
Key: lastUpdatedAtValue: 2024-09-22T01:07:12.081+02:00
Key: actualOffBlockTimeValue: 2024-09-22T00:44:27.000+02:00
Key: aircraftRegistrationValue: PHMPS
Key: aircraftTypeValue: {iataMain=74F, iataSub=74Y}
Key: flightDirectionValue: D
Key: flightNameValue: MP6161
Key: flightNumberValue: 6161
Key: idValue: 140702903831505713
Key: isOperationalFlightValue: true
Key: mainFlightValue: MP6161
Key: prefixIATAValue: MP
Key: prefixICAOValue: MPH
Key: airlineCodeValue: 122
Key: publicEstimatedOffBlockTimeValue: 2024-09-22T00:40:00.000+02:00
Key: publicFlightStateValue: {flightStates=[DEP, DEL]}
Key: routeValue: {destinations=[MIA, BOG], eu=N, visa=false}
Key: scheduleDateTimeValue: 2024-09-22T00:30:00.000+02:00
Key: scheduleDateValue: 2024-09-22
Key: scheduleTimeValue: 00:30:00
Key: serviceTypeValue: F
Key: schemaVersionValue: 4
Key: lastUpdatedAtValue: 2024-09-22T01:58:40.168+02:00
Key: actualLandingTimeValue: 2024-09-22T00:18:51.000+02:00
Key: aircraftTypeValue: {iataMain=737, iataSub=73H}
Key: baggageClaimValue: {belts=[6]}
Key: codesharesValue: {codeshares=[KL2588]}
Key: estimatedLandingTimeValue: 2024-09-22T00:18:51.000+02:00
Key: expectedTimeOnBeltValue: 2024-09-22T00:55:49.000+02:00
Key: flightDirectionValue: A
Key: flightNameValue: HV6004
Key: flightNumberValue: 6004
Key: idValue: 140702903160552898
Key: isOperationalFlightValue: true
Key: mainFlightValue: HV6004
Key: prefixIATAValue: HV
Key: prefixICAOValue: TRA
Key: airlineCodeValue: 164
Key: publicFlightStateValue: {flightStates=[ARR, EXP]}
Key: routeValue: {destinations=[OPO], eu=S, visa=false}
Key: scheduleDateTimeValue: 2024-09-22T00:30:00.000+02:00
Key: scheduleDateValue: 2024-09-22
Key: scheduleTimeValue: 00:30:00
Key: serviceTypeValue: J
Key: terminalValue: 1
Key: schemaVersionValue: 4
Key: lastUpdatedAtValue: 2024-09-22T01:58:40.168+02:00
Key: actualLandingTimeValue: 2024-09-22T00:18:51.000+02:00
Key: aircraftTypeValue: {iataMain=737, iataSub=73H}
Key: baggageClaimValue: {belts=[6]}
Key: codesharesValue: {codeshares=[KL2588]}
Key: estimatedLandingTimeValue: 2024-09-22T00:18:51.000+02:00
Key: expectedTimeOnBeltValue: 2024-09-22T00:55:49.000+02:00
Key: flightDirectionValue: A
Key: flightNameValue: KL2588
Key: flightNumberValue: 2588
Key: idValue: 140702903538742486
Key: isOperationalFlightValue: true
Key: mainFlightValue: HV6004
Key: prefixIATAValue: KL
Key: prefixICAOValue: KLM
Key: airlineCodeValue: 100
Key: publicFlightStateValue: {flightStates=[ARR, EXP]}
Key: routeValue: {destinations=[OPO], eu=S, visa=false}
Key: scheduleDateTimeValue: 2024-09-22T00:30:00.000+02:00
Key: scheduleDateValue: 2024-09-22
Key: scheduleTimeValue: 00:30:00
Key: serviceTypeValue: J
Key: terminalValue: 1
Key: schemaVersionValue: 4
Key: lastUpdatedAtValue: 2024-09-22T02:30:42.276+02:00
Key: actualLandingTimeValue: 2024-09-22T00:38:29.000+02:00
Key: aircraftTypeValue: {iataMain=737, iataSub=73H}
Key: baggageClaimValue: {belts=[6]}
Key: codesharesValue: {codeshares=[DL7509, KL2573]}
Key: estimatedLandingTimeValue: 2024-09-22T00:38:29.000+02:00
Key: expectedTimeOnBeltValue: 2024-09-22T01:19:31.000+02:00
Key: flightDirectionValue: A
Key: flightNameValue: HV5666
Key: flightNumberValue: 5666
Key: idValue: 140702903160468468
Key: isOperationalFlightValue: true
Key: mainFlightValue: HV5666
Key: prefixIATAValue: HV
Key: prefixICAOValue: TRA
Key: airlineCodeValue: 164
Key: publicFlightStateValue: {flightStates=[ARR]}
Key: routeValue: {destinations=[LPA], eu=S, visa=false}
Key: scheduleDateTimeValue: 2024-09-22T00:30:00.000+02:00
Key: scheduleDateValue: 2024-09-22
Key: scheduleTimeValue: 00:30:00
Key: serviceTypeValue: J
Key: terminalValue: 1
Key: schemaVersionValue: 4
Key: lastUpdatedAtValue: 2024-09-22T02:30:42.276+02:00
Key: actualLandingTimeValue: 2024-09-22T00:38:29.000+02:00
Key: aircraftTypeValue: {iataMain=737, iataSub=73H}
Key: baggageClaimValue: {belts=[6]}
Key: codesharesValue: {codeshares=[DL7509, KL2573]}
Key: estimatedLandingTimeValue: 2024-09-22T00:38:29.000+02:00
Key: expectedTimeOnBeltValue: 2024-09-22T01:19:31.000+02:00
Key: flightDirectionValue: A
Key: flightNameValue: DL7509
Key: flightNumberValue: 7509
Key: idValue: 140702902568433028
Key: isOperationalFlightValue: true
Key: mainFlightValue: HV5666
Key: prefixIATAValue: DL
Key: prefixICAOValue: DAL
Key: airlineCodeValue: 58
Key: publicFlightStateValue: {flightStates=[ARR]}
Key: routeValue: {destinations=[LPA], eu=S, visa=false}
Key: scheduleDateTimeValue: 2024-09-22T00:30:00.000+02:00
Key: scheduleDateValue: 2024-09-22
Key: scheduleTimeValue: 00:30:00
Key: serviceTypeValue: J
Key: terminalValue: 1
Key: schemaVersionValue: 4
Key: lastUpdatedAtValue: 2024-09-22T02:30:42.276+02:00
Key: actualLandingTimeValue: 2024-09-22T00:38:29.000+02:00
Key: aircraftTypeValue: {iataMain=737, iataSub=73H}
Key: baggageClaimValue: {belts=[6]}
Key: codesharesValue: {codeshares=[DL7509, KL2573]}
Key: estimatedLandingTimeValue: 2024-09-22T00:38:29.000+02:00
Key: expectedTimeOnBeltValue: 2024-09-22T01:19:31.000+02:00
Key: flightDirectionValue: A
Key: flightNameValue: KL2573
Key: flightNumberValue: 2573
Key: idValue: 140702903538742402
Key: isOperationalFlightValue: true
Key: mainFlightValue: HV5666
Key: prefixIATAValue: KL
Key: prefixICAOValue: KLM
Key: airlineCodeValue: 100
Key: publicFlightStateValue: {flightStates=[ARR]}
Key: routeValue: {destinations=[LPA], eu=S, visa=false}
Key: scheduleDateTimeValue: 2024-09-22T00:30:00.000+02:00
Key: scheduleDateValue: 2024-09-22
Key: scheduleTimeValue: 00:30:00
Key: serviceTypeValue: J
Key: terminalValue: 1
Key: schemaVersionValue: 4
Key: lastUpdatedAtValue: 2024-09-22T02:23:09.197+02:00
Key: actualLandingTimeValue: 2024-09-22T00:25:56.000+02:00
Key: aircraftTypeValue: {iataMain=737, iataSub=73H}
Key: baggageClaimValue: {belts=[19]}
Key: estimatedLandingTimeValue: 2024-09-22T00:25:56.000+02:00
Key: expectedTimeOnBeltValue: 2024-09-22T01:29:46.804+02:00
Key: flightDirectionValue: A
Key: flightNameValue: OR3124
Key: flightNumberValue: 3124
Key: idValue: 140702904116073976
Key: isOperationalFlightValue: true
Key: mainFlightValue: OR3124
Key: prefixIATAValue: OR
Key: prefixICAOValue: TFL
Key: airlineCodeValue: 231
Key: publicFlightStateValue: {flightStates=[ARR, EXP]}
Key: routeValue: {destinations=[ADB], eu=N, visa=false}
Key: scheduleDateTimeValue: 2024-09-22T00:40:00.000+02:00
Key: scheduleDateValue: 2024-09-22
Key: scheduleTimeValue: 00:40:00
Key: serviceTypeValue: J
Key: terminalValue: 4
Key: schemaVersionValue: 4
Key: lastUpdatedAtValue: 2024-09-22T03:13:03.170+02:00
Key: actualLandingTimeValue: 2024-09-22T01:06:59.000+02:00
Key: aircraftTypeValue: {iataMain=32S, iataSub=32Q}
Key: baggageClaimValue: {belts=[4]}
Key: estimatedLandingTimeValue: 2024-09-22T01:06:59.000+02:00
Key: expectedTimeOnBeltValue: 2024-09-22T01:40:12.187+02:00
Key: flightDirectionValue: A
Key: flightNameValue: HV5764
Key: flightNumberValue: 5764
Key: idValue: 140702903160471202
Key: isOperationalFlightValue: true
Key: mainFlightValue: HV5764
Key: prefixIATAValue: HV
Key: prefixICAOValue: TRA
Key: airlineCodeValue: 164
Key: publicFlightStateValue: {flightStates=[ARR, EXP]}
Key: routeValue: {destinations=[GRO], eu=S, visa=false}
Key: scheduleDateTimeValue: 2024-09-22T00:40:00.000+02:00
Key: scheduleDateValue: 2024-09-22
Key: scheduleTimeValue: 00:40:00
Key: serviceTypeValue: J
Key: terminalValue: 1
Key: schemaVersionValue: 4
Key: lastUpdatedAtValue: 2024-09-22T02:58:10.600+02:00
Key: actualLandingTimeValue: 2024-09-22T00:47:44.000+02:00
Key: aircraftTypeValue: {iataMain=737, iataSub=73H}
Key: baggageClaimValue: {belts=[4]}
Key: codesharesValue: {codeshares=[KL2526]}
Key: estimatedLandingTimeValue: 2024-09-22T00:47:44.000+02:00
Key: expectedTimeOnBeltValue: 2024-09-22T01:18:36.197+02:00
Key: flightDirectionValue: A
Key: flightNameValue: HV5680
Key: flightNumberValue: 5680
Key: idValue: 140702903160468604
Key: isOperationalFlightValue: true
Key: mainFlightValue: HV5680
Key: prefixIATAValue: HV
Key: prefixICAOValue: TRA
Key: airlineCodeValue: 164
Key: publicFlightStateValue: {flightStates=[ARR]}
Key: routeValue: {destinations=[IBZ], eu=S, visa=false}
Key: scheduleDateTimeValue: 2024-09-22T00:55:00.000+02:00
Key: scheduleDateValue: 2024-09-22
Key: scheduleTimeValue: 00:55:00
Key: serviceTypeValue: J
Key: terminalValue: 1
Key: schemaVersionValue: 4
Key: lastUpdatedAtValue: 2024-09-22T02:58:10.600+02:00
Key: actualLandingTimeValue: 2024-09-22T00:47:44.000+02:00
Key: aircraftTypeValue: {iataMain=737, iataSub=73H}
Key: baggageClaimValue: {belts=[4]}
Key: codesharesValue: {codeshares=[KL2526]}
Key: estimatedLandingTimeValue: 2024-09-22T00:47:44.000+02:00
Key: expectedTimeOnBeltValue: 2024-09-22T01:18:36.197+02:00
Key: flightDirectionValue: A
Key: flightNameValue: KL2526
Key: flightNumberValue: 2526
Key: idValue: 140702903538742038
Key: isOperationalFlightValue: true
Key: mainFlightValue: HV5680
Key: prefixIATAValue: KL
Key: prefixICAOValue: KLM
Key: airlineCodeValue: 100
Key: publicFlightStateValue: {flightStates=[ARR]}
Key: routeValue: {destinations=[IBZ], eu=S, visa=false}
Key: scheduleDateTimeValue: 2024-09-22T00:55:00.000+02:00
Key: scheduleDateValue: 2024-09-22
Key: scheduleTimeValue: 00:55:00
Key: serviceTypeValue: J
Key: terminalValue: 1
Key: schemaVersionValue: 4
Key: lastUpdatedAtValue: 2024-09-22T02:44:43.141+02:00
Key: actualLandingTimeValue: 2024-09-22T01:09:29.000+02:00
Key: aircraftTypeValue: {iataMain=737, iataSub=73H}
Key: baggageClaimValue: {belts=[18]}
Key: estimatedLandingTimeValue: 2024-09-22T01:09:29.000+02:00
Key: expectedTimeOnBeltValue: 2024-09-22T02:08:38.281+02:00
Key: flightDirectionValue: A
Key: flightNameValue: HV6642
Key: flightNumberValue: 6642
Key: idValue: 140702903160569618
Key: isOperationalFlightValue: true
Key: mainFlightValue: HV6642
Key: prefixIATAValue: HV
Key: prefixICAOValue: TRA
Key: airlineCodeValue: 164
Key: publicFlightStateValue: {flightStates=[ARR]}
Key: routeValue: {destinations=[TBS], eu=N, visa=false}
Key: scheduleDateTimeValue: 2024-09-22T01:00:00.000+02:00
Key: scheduleDateValue: 2024-09-22
Key: scheduleTimeValue: 01:00:00
Key: serviceTypeValue: J
Key: terminalValue: 3
Key: schemaVersionValue: 4
2024-09-22T14:45:36.549+03:00  INFO 17777 --- [AppFellas Flight API] [           main] c.appfellas.flightApi.config.AppConfig   : Istanbul Airport -> Airport already created!
2024-09-22T14:45:36.552+03:00  INFO 17777 --- [AppFellas Flight API] [           main] c.appfellas.flightApi.config.AppConfig   : Sabiha Gokcen International Airport -> Airport already created!
2024-09-22T14:45:36.554+03:00  INFO 17777 --- [AppFellas Flight API] [           main] c.appfellas.flightApi.config.AppConfig   : Antalya Airport -> Airport already created!
2024-09-22T14:45:36.555+03:00  INFO 17777 --- [AppFellas Flight API] [           main] c.appfellas.flightApi.config.AppConfig   : Izmir Adnan Menderes Airport -> Airport already created!
2024-09-22T14:45:36.557+03:00  INFO 17777 --- [AppFellas Flight API] [           main] c.appfellas.flightApi.config.AppConfig   : Ankara Esenboga Airport -> Airport already created!
2024-09-22T14:45:36.559+03:00  INFO 17777 --- [AppFellas Flight API] [           main] c.appfellas.flightApi.config.AppConfig   : London Heathrow Airport -> Airport already created!
2024-09-22T14:45:36.560+03:00  INFO 17777 --- [AppFellas Flight API] [           main] c.appfellas.flightApi.config.AppConfig   : Paris Charles de Gaulle Airport -> Airport already created!
2024-09-22T14:45:36.562+03:00  INFO 17777 --- [AppFellas Flight API] [           main] c.appfellas.flightApi.config.AppConfig   : Amsterdam Schiphol Airport -> Airport already created!
2024-09-22T14:45:36.563+03:00  INFO 17777 --- [AppFellas Flight API] [           main] c.appfellas.flightApi.config.AppConfig   : Dubai International Airport -> Airport already created!
2024-09-22T14:45:36.565+03:00  INFO 17777 --- [AppFellas Flight API] [           main] c.appfellas.flightApi.config.AppConfig   : New York John F. Kennedy International Airport -> Airport already created!
2024-09-22T14:45:36.568+03:00  INFO 17777 --- [AppFellas Flight API] [           main] c.appfellas.flightApi.config.AppConfig   : Los Angeles International Airport -> Airport already created!
2024-09-22T14:45:36.570+03:00  INFO 17777 --- [AppFellas Flight API] [           main] c.appfellas.flightApi.config.AppConfig   : Tokyo Haneda Airport -> Airport already created!
2024-09-22T14:45:36.572+03:00  INFO 17777 --- [AppFellas Flight API] [           main] c.appfellas.flightApi.config.AppConfig   : Singapore Changi Airport -> Airport already created!
2024-09-22T14:45:36.574+03:00  INFO 17777 --- [AppFellas Flight API] [           main] c.appfellas.flightApi.config.AppConfig   : Sydney Kingsford Smith Airport -> Airport already created!
2024-09-22T14:45:36.576+03:00  INFO 17777 --- [AppFellas Flight API] [           main] c.appfellas.flightApi.config.AppConfig   : Hong Kong International Airport -> Airport already created!
2024-09-22T14:45:36.578+03:00  INFO 17777 --- [AppFellas Flight API] [           main] c.appfellas.flightApi.config.AppConfig   : Munich Airport -> Airport already created!
2024-09-22T14:45:36.580+03:00  INFO 17777 --- [AppFellas Flight API] [           main] c.appfellas.flightApi.config.AppConfig   : Zurich Airport -> Airport already created!
2024-09-22T14:45:36.581+03:00  INFO 17777 --- [AppFellas Flight API] [           main] c.appfellas.flightApi.config.AppConfig   : Rome Leonardo da Vinci International Airport -> Airport already created!
2024-09-22T14:45:36.582+03:00  INFO 17777 --- [AppFellas Flight API] [           main] c.appfellas.flightApi.config.AppConfig   : Beijing Capital International Airport -> Airport already created!
2024-09-22T14:45:36.583+03:00  INFO 17777 --- [AppFellas Flight API] [           main] c.appfellas.flightApi.config.AppConfig   : Moscow Sheremetyevo International Airport -> Airport already created!
]]></system-out>
  </testcase>
</testsuite>